2022-05-18 18:05:974 INFO  ManageDriver :31 - Launching Chrome Browser
2022-05-18 18:05:466 INFO  LoginPage :36 - Enter userName Satandard_user
2022-05-18 18:05:137 INFO  ManageDriver :31 - Launching Chrome Browser
2022-05-18 18:05:90 INFO  LoginPage :36 - Enter userName Satandard_user
2022-05-18 18:05:897 INFO  ManageDriver :31 - Launching Chrome Browser
2022-05-18 18:05:655 INFO  LoginPage :36 - Enter userName standard_user
2022-05-18 18:05:379 INFO  ManageDriver :31 - Launching Chrome Browser
2022-05-18 18:05:583 INFO  LoginPage :36 - Enter userName standard_user
2022-05-18 18:05:730 INFO  LoginPage :41 - Enter password secret_sauce
2022-05-18 18:05:988 INFO  LoginPage :45 - Clicking on LoginButton [[ChromeDriver: chrome on WINDOWS (7e44e89f56d3b01e5f1422702c9939d7)] -> xpath: //input[@id='login-button']]
2022-05-18 18:05:711 INFO  ManageDriver :31 - Launching Chrome Browser
2022-05-18 18:05:622 INFO  LoginPage :36 - Enter userName standard_user
2022-05-18 18:05:741 INFO  LoginPage :41 - Enter password secret_sauce
2022-05-18 18:05:936 INFO  LoginPage :45 - Clicking on LoginButton [[ChromeDriver: chrome on WINDOWS (ce6909858f851b0966454b95dadd6744)] -> xpath: //input[@id='login-button']]
2022-05-18 18:05:622 INFO  ManageDriver :31 - Launching Chrome Browser
2022-05-18 18:05:150 INFO  LoginPage :36 - Enter userName standard_user
2022-05-18 18:05:273 INFO  LoginPage :41 - Enter password secret_sauce
2022-05-18 18:05:482 INFO  LoginPage :45 - Clicking on LoginButton [[ChromeDriver: chrome on WINDOWS (0119c20dd6b24c26fa55bf0bddd67e00)] -> xpath: //input[@id='login-button']]
2022-05-18 18:05:835 INFO  ManageDriver :31 - Launching Chrome Browser
2022-05-18 18:05:977 INFO  LoginPage :36 - Enter userName standard_user
2022-05-18 18:05:105 INFO  LoginPage :41 - Enter password secret_sauce
2022-05-18 18:05:318 INFO  LoginPage :45 - Clicking on LoginButton [[ChromeDriver: chrome on WINDOWS (6bf826a944a27f432df9415622b21eb7)] -> xpath: //input[@id='login-button']]
2022-05-18 18:05:359 INFO  ManageDriver :31 - Launching Chrome Browser
2022-05-18 18:05:574 INFO  LoginPage :36 - Enter userName standard_user
2022-05-18 18:05:719 INFO  LoginPage :41 - Enter password secret_sauce
2022-05-18 18:05:941 INFO  LoginPage :45 - Clicking on LoginButton [[ChromeDriver: chrome on WINDOWS (86ebba9204238240a0b8ee625878197a)] -> xpath: //input[@id='login-button']]
2022-05-18 18:05:239 INFO  ManageDriver :31 - Launching Chrome Browser
2022-05-18 18:05:972 INFO  LoginPage :36 - Enter userName standard_user
2022-05-18 18:05:113 INFO  LoginPage :41 - Enter password secret_sauce
2022-05-18 18:05:360 INFO  LoginPage :45 - Clicking on LoginButton [[ChromeDriver: chrome on WINDOWS (7363187ef0d314f1c52e826b701fca59)] -> xpath: //input[@id='login-button']]
2022-05-18 18:05:460 INFO  ManageDriver :31 - Launching Chrome Browser
2022-05-18 18:05:920 INFO  LoginPage :36 - Enter userName standard_user
2022-05-18 18:05:65 INFO  LoginPage :41 - Enter password secret_sauce
2022-05-18 18:05:313 INFO  LoginPage :45 - Clicking on LoginButton [[ChromeDriver: chrome on WINDOWS (9a325aef5e7f4f01e2539665e7de4a1a)] -> xpath: //input[@id='login-button']]
2022-05-18 18:05:429 INFO  ProductsPage :45 - Selecting High To Low from dropDown Price (high to low) from dropdown [[ChromeDriver: chrome on WINDOWS (9a325aef5e7f4f01e2539665e7de4a1a)] -> xpath: //select[@class='product_sort_container']]
2022-05-18 18:05:505 INFO  ProductsPage :53 - Clicking on cheapest Product  [[ChromeDriver: chrome on WINDOWS (9a325aef5e7f4f01e2539665e7de4a1a)] -> xpath: //div[text()='Sauce Labs Onesie']]
2022-05-18 18:05:577 INFO  ProductsPage :53 - Clicking on cheapest Product  [[ChromeDriver: chrome on WINDOWS (9a325aef5e7f4f01e2539665e7de4a1a)] -> xpath: //div[text()='Sauce Labs Onesie']]
2022-05-18 18:05:655 INFO  ProductsPage :40 - Clicking on shopping Cart Button [[ChromeDriver: chrome on WINDOWS (9a325aef5e7f4f01e2539665e7de4a1a)] -> xpath: //body/div[@id='root']/div[@id='page_wrapper']/div[@id='contents_wrapper']/div[@id='header_container']/div[1]/div[3]/a[1]]
2022-05-18 18:05:597 INFO  ManageDriver :31 - Launching Chrome Browser
2022-05-18 18:05:216 INFO  LoginPage :36 - Enter userName standard_user
2022-05-18 18:05:395 INFO  LoginPage :41 - Enter password secret_sauce
2022-05-18 18:05:708 INFO  LoginPage :45 - Clicking on LoginButton [[ChromeDriver: chrome on WINDOWS (aff0938313a862d596b8a31647ca7461)] -> xpath: //input[@id='login-button']]
2022-05-18 18:05:808 INFO  ProductsPage :45 - Selecting High To Low from dropDown Price (high to low) from dropdown [[ChromeDriver: chrome on WINDOWS (aff0938313a862d596b8a31647ca7461)] -> xpath: //select[@class='product_sort_container']]
2022-05-18 18:05:860 INFO  ProductsPage :53 - Clicking on cheapest Product  [[ChromeDriver: chrome on WINDOWS (aff0938313a862d596b8a31647ca7461)] -> xpath: //div[text()='Sauce Labs Onesie']]
2022-05-18 18:05:915 INFO  ProductsPage :53 - Clicking on cheapest Product  [[ChromeDriver: chrome on WINDOWS (aff0938313a862d596b8a31647ca7461)] -> xpath: //div[text()='Sauce Labs Onesie']]
2022-05-18 18:05:984 INFO  ProductsPage :40 - Clicking on shopping Cart Button [[ChromeDriver: chrome on WINDOWS (aff0938313a862d596b8a31647ca7461)] -> xpath: //body/div[@id='root']/div[@id='page_wrapper']/div[@id='contents_wrapper']/div[@id='header_container']/div[1]/div[3]/a[1]]
2022-05-18 18:05:44 INFO  ShoppingCartPage :28 - Clicking on CheckOutButton [[ChromeDriver: chrome on WINDOWS (aff0938313a862d596b8a31647ca7461)] -> xpath: //button[@id='checkout']]
2022-05-18 18:05:166 INFO  CheckOutPage :38 - Enter firstNameVienaa to firstName field [[ChromeDriver: chrome on WINDOWS (aff0938313a862d596b8a31647ca7461)] -> xpath: //input[@id='first-name']]
2022-05-18 18:05:292 INFO  CheckOutPage :42 - Enter lastName George to lastName field [[ChromeDriver: chrome on WINDOWS (aff0938313a862d596b8a31647ca7461)] -> xpath: //input[@id='first-name']]
2022-05-18 18:05:396 INFO  CheckOutPage :46 - Enter ZipCode 38001 to lastName field [[ChromeDriver: chrome on WINDOWS (aff0938313a862d596b8a31647ca7461)] -> xpath: //input[@id='postal-code']]
2022-05-18 18:05:485 INFO  CheckOutPage :50 - Clicking on continue Button [[ChromeDriver: chrome on WINDOWS (aff0938313a862d596b8a31647ca7461)] -> xpath: //input[@id='continue']]
2022-05-18 18:05:573 INFO  FinishPage :27 - Clicking on finish Button [[ChromeDriver: chrome on WINDOWS (aff0938313a862d596b8a31647ca7461)] -> xpath: //button[@id='finish']]
2022-05-18 18:05:928 INFO  ManageDriver :31 - Launching Chrome Browser
2022-05-18 18:05:393 INFO  LoginPage :36 - Enter userName standard_user
2022-05-18 18:05:544 INFO  LoginPage :41 - Enter password secret_sauce
2022-05-18 18:05:794 INFO  LoginPage :45 - Clicking on LoginButton [[ChromeDriver: chrome on WINDOWS (3aa97f5aa428a8fa2522d03f2a8e17f4)] -> xpath: //input[@id='login-button']]
2022-05-18 18:05:906 INFO  ProductsPage :45 - Selecting High To Low from dropDown Price (high to low) from dropdown [[ChromeDriver: chrome on WINDOWS (3aa97f5aa428a8fa2522d03f2a8e17f4)] -> xpath: //select[@class='product_sort_container']]
2022-05-18 18:05:13 INFO  ProductsPage :53 - Clicking on cheapest Product  [[ChromeDriver: chrome on WINDOWS (3aa97f5aa428a8fa2522d03f2a8e17f4)] -> xpath: //div[text()='Sauce Labs Onesie']]
2022-05-18 18:05:89 INFO  ProductsPage :53 - Clicking on cheapest Product  [[ChromeDriver: chrome on WINDOWS (3aa97f5aa428a8fa2522d03f2a8e17f4)] -> xpath: //div[text()='Sauce Labs Onesie']]
2022-05-18 18:05:179 INFO  ProductsPage :40 - Clicking on shopping Cart Button [[ChromeDriver: chrome on WINDOWS (3aa97f5aa428a8fa2522d03f2a8e17f4)] -> xpath: //body/div[@id='root']/div[@id='page_wrapper']/div[@id='contents_wrapper']/div[@id='header_container']/div[1]/div[3]/a[1]]
2022-05-18 18:05:258 INFO  ShoppingCartPage :28 - Clicking on CheckOutButton [[ChromeDriver: chrome on WINDOWS (3aa97f5aa428a8fa2522d03f2a8e17f4)] -> xpath: //button[@id='checkout']]
2022-05-18 18:05:369 INFO  CheckOutPage :38 - Enter firstNameVienaa to firstName field [[ChromeDriver: chrome on WINDOWS (3aa97f5aa428a8fa2522d03f2a8e17f4)] -> xpath: //input[@id='first-name']]
2022-05-18 18:05:476 INFO  CheckOutPage :42 - Enter lastName George to lastName field [[ChromeDriver: chrome on WINDOWS (3aa97f5aa428a8fa2522d03f2a8e17f4)] -> xpath: //input[@id='first-name']]
2022-05-18 18:05:560 INFO  CheckOutPage :46 - Enter ZipCode 38001 to lastName field [[ChromeDriver: chrome on WINDOWS (3aa97f5aa428a8fa2522d03f2a8e17f4)] -> xpath: //input[@id='postal-code']]
2022-05-18 18:05:628 INFO  CheckOutPage :50 - Clicking on continue Button [[ChromeDriver: chrome on WINDOWS (3aa97f5aa428a8fa2522d03f2a8e17f4)] -> xpath: //input[@id='continue']]
2022-05-18 18:05:690 INFO  FinishPage :27 - Clicking on finish Button [[ChromeDriver: chrome on WINDOWS (3aa97f5aa428a8fa2522d03f2a8e17f4)] -> xpath: //button[@id='finish']]
2022-05-18 18:05:709 INFO  CheckOutCompletePage :26 - getting Thankyou Message text  [[ChromeDriver: chrome on WINDOWS (3aa97f5aa428a8fa2522d03f2a8e17f4)] -> xpath: //h2[contains(text(),'THANK YOU FOR YOUR ORDER')]]
2022-05-19 11:05:921 INFO  ManageDriver :31 - Launching Chrome Browser
2022-05-19 11:05:02 INFO  LoginPage :36 - Enter userName standard_user
2022-05-19 11:05:70 INFO  LoginPage :41 - Enter password secret_sauce
2022-05-19 11:05:170 INFO  LoginPage :45 - Clicking on LoginButton [[ChromeDriver: chrome on WINDOWS (deacad6ca8467a303444aab0b7ed8f35)] -> xpath: //input[@id='login-button']]
2022-05-19 11:05:280 INFO  ProductsPage :45 - Selecting High To Low from dropDown Price (high to low) from dropdown [[ChromeDriver: chrome on WINDOWS (deacad6ca8467a303444aab0b7ed8f35)] -> xpath: //select[@class='product_sort_container']]
2022-05-19 11:05:344 INFO  ProductsPage :53 - Clicking on cheapest Product  [[ChromeDriver: chrome on WINDOWS (deacad6ca8467a303444aab0b7ed8f35)] -> xpath: //div[text()='Sauce Labs Onesie']]
2022-05-19 11:05:387 INFO  ProductsPage :53 - Clicking on cheapest Product  [[ChromeDriver: chrome on WINDOWS (deacad6ca8467a303444aab0b7ed8f35)] -> xpath: //div[text()='Sauce Labs Onesie']]
2022-05-19 11:05:459 INFO  ProductsPage :40 - Clicking on shopping Cart Button [[ChromeDriver: chrome on WINDOWS (deacad6ca8467a303444aab0b7ed8f35)] -> xpath: //body/div[@id='root']/div[@id='page_wrapper']/div[@id='contents_wrapper']/div[@id='header_container']/div[1]/div[3]/a[1]]
2022-05-19 11:05:533 INFO  ShoppingCartPage :28 - Clicking on CheckOutButton [[ChromeDriver: chrome on WINDOWS (deacad6ca8467a303444aab0b7ed8f35)] -> xpath: //button[@id='checkout']]
2022-05-19 11:05:638 INFO  CheckOutPage :38 - Enter firstNameVienaa to firstName field [[ChromeDriver: chrome on WINDOWS (deacad6ca8467a303444aab0b7ed8f35)] -> xpath: //input[@id='first-name']]
2022-05-19 11:05:750 INFO  CheckOutPage :42 - Enter lastName George to lastName field [[ChromeDriver: chrome on WINDOWS (deacad6ca8467a303444aab0b7ed8f35)] -> xpath: //input[@id='first-name']]
2022-05-19 11:05:833 INFO  CheckOutPage :46 - Enter ZipCode 38001 to lastName field [[ChromeDriver: chrome on WINDOWS (deacad6ca8467a303444aab0b7ed8f35)] -> xpath: //input[@id='postal-code']]
2022-05-19 11:05:917 INFO  CheckOutPage :50 - Clicking on continue Button [[ChromeDriver: chrome on WINDOWS (deacad6ca8467a303444aab0b7ed8f35)] -> xpath: //input[@id='continue']]
2022-05-19 11:05:983 INFO  FinishPage :27 - Clicking on finish Button [[ChromeDriver: chrome on WINDOWS (deacad6ca8467a303444aab0b7ed8f35)] -> xpath: //button[@id='finish']]
2022-05-19 11:05:06 INFO  CheckOutCompletePage :26 - getting Thankyou Message text  [[ChromeDriver: chrome on WINDOWS (deacad6ca8467a303444aab0b7ed8f35)] -> xpath: //h2[contains(text(),'THANK YOU FOR YOUR ORDER')]]
